Figwheel: focusing on build-ids (app)
[0mCompiling "resources/public/js/app.js" from ["src/cljs" "env/dev/cljs"]...
[32mSuccessfully compiled "resources/public/js/app.js" in 0.226 seconds.[0m
notifying browser that file changed:  resources/public/js/out/goog/deps.js
notifying browser that file changed:  resources/public/js/out/cljs_deps.js
notifying browser that file changed:  /ackiban/dev.js
notifying browser that file changed:  /ackiban/core.js
[0mCompiling "resources/public/js/app.js" from ["src/cljs" "env/dev/cljs"]...
[31mCompiling "resources/public/js/app.js" failed.[0m
java.lang.AssertionError: No ns form found in src/cljs/ackiban/components.cljs
 at cljs.analyzer$parse_ns$fn__2113.invoke (analyzer.cljc:2721)
    cljs.analyzer$parse_ns.invoke (analyzer.cljc:2675)
    cljs.analyzer$parse_ns.invoke (analyzer.cljc:2666)
    cljs.compiler$compile_root$fn__3162.invoke (compiler.cljc:1374)
    clojure.core$map$fn__4553.invoke (core.clj:2624)
    clojure.lang.LazySeq.sval (LazySeq.java:40)
    clojure.lang.LazySeq.seq (LazySeq.java:49)
    clojure.lang.RT.seq (RT.java:507)
    clojure.core/seq (core.clj:137)
    clojure.core$map$fn__4553.invoke (core.clj:2616)
    clojure.lang.LazySeq.sval (LazySeq.java:40)
    clojure.lang.LazySeq.seq (LazySeq.java:49)
    clojure.lang.Cons.next (Cons.java:39)
    clojure.lang.RT.next (RT.java:674)
    clojure.core/next (core.clj:64)
    clojure.core.protocols/fn (protocols.clj:170)
    clojure.core.protocols$fn__6478$G__6473__6487.invoke (protocols.clj:19)
    clojure.core.protocols$seq_reduce.invoke (protocols.clj:31)
    clojure.core.protocols/fn (protocols.clj:101)
    clojure.core.protocols$fn__6452$G__6447__6465.invoke (protocols.clj:13)
    clojure.core$reduce.invoke (core.clj:6519)
    cljs.js_deps$build_index.invoke (js_deps.cljc:128)
    cljs.js_deps$dependency_order.invoke (js_deps.cljc:168)
    cljs.compiler$compile_root.invoke (compiler.cljc:1373)
    cljs.closure$compile_dir.invoke (closure.clj:438)
    cljs.closure$eval3582$fn__3583.invoke (closure.clj:478)
    cljs.closure$eval3534$fn__3535$G__3525__3542.invoke (closure.clj:383)
    cljs.closure$eval3595$fn__3596.invoke (closure.clj:492)
    cljs.closure$eval3534$fn__3535$G__3525__3542.invoke (closure.clj:383)
    clojurescript_build.core.CompilableSourcePaths/fn (core.clj:20)
[0mCompiling "resources/public/js/app.js" from ["src/cljs" "env/dev/cljs"]...
[31mCompiling "resources/public/js/app.js" failed.[0m
java.lang.AssertionError: No ns form found in src/cljs/ackiban/views.cljs
 at cljs.analyzer$parse_ns$fn__2113.invoke (analyzer.cljc:2721)
    cljs.analyzer$parse_ns.invoke (analyzer.cljc:2675)
    cljs.analyzer$parse_ns.invoke (analyzer.cljc:2666)
    cljs.compiler$compile_root$fn__3162.invoke (compiler.cljc:1374)
    clojure.core$map$fn__4553.invoke (core.clj:2624)
    clojure.lang.LazySeq.sval (LazySeq.java:40)
    clojure.lang.LazySeq.seq (LazySeq.java:49)
    clojure.lang.RT.seq (RT.java:507)
    clojure.core/seq (core.clj:137)
    clojure.core$map$fn__4553.invoke (core.clj:2616)
    clojure.lang.LazySeq.sval (LazySeq.java:40)
    clojure.lang.LazySeq.seq (LazySeq.java:49)
    clojure.lang.RT.seq (RT.java:507)
    clojure.core/seq (core.clj:137)
    clojure.core.protocols$seq_reduce.invoke (protocols.clj:30)
    clojure.core.protocols/fn (protocols.clj:101)
    clojure.core.protocols$fn__6452$G__6447__6465.invoke (protocols.clj:13)
    clojure.core$reduce.invoke (core.clj:6519)
    cljs.js_deps$build_index.invoke (js_deps.cljc:128)
    cljs.js_deps$dependency_order.invoke (js_deps.cljc:168)
    cljs.compiler$compile_root.invoke (compiler.cljc:1373)
    cljs.closure$compile_dir.invoke (closure.clj:438)
    cljs.closure$eval3582$fn__3583.invoke (closure.clj:478)
    cljs.closure$eval3534$fn__3535$G__3525__3542.invoke (closure.clj:383)
    cljs.closure$eval3595$fn__3596.invoke (closure.clj:492)
    cljs.closure$eval3534$fn__3535$G__3525__3542.invoke (closure.clj:383)
    clojurescript_build.core.CompilableSourcePaths/fn (core.clj:20)
    clojure.lang.PersistentVector.reduce (PersistentVector.java:333)
    clojure.core$reduce.invoke (core.clj:6518)
    clojurescript_build.core.CompilableSourcePaths._compile (core.clj:19)
[0mCompiling "resources/public/js/app.js" from ["src/cljs" "env/dev/cljs"]...
[31mCompiling "resources/public/js/app.js" failed.[0m
java.lang.AssertionError: No ns form found in src/cljs/ackiban/views.cljs
 at cljs.analyzer$parse_ns$fn__2113.invoke (analyzer.cljc:2721)
    cljs.analyzer$parse_ns.invoke (analyzer.cljc:2675)
    cljs.analyzer$parse_ns.invoke (analyzer.cljc:2666)
    cljs.compiler$compile_root$fn__3162.invoke (compiler.cljc:1374)
    clojure.core$map$fn__4553.invoke (core.clj:2624)
    clojure.lang.LazySeq.sval (LazySeq.java:40)
    clojure.lang.LazySeq.seq (LazySeq.java:49)
    clojure.lang.RT.seq (RT.java:507)
    clojure.core/seq (core.clj:137)
    clojure.core$map$fn__4553.invoke (core.clj:2616)
    clojure.lang.LazySeq.sval (LazySeq.java:40)
    clojure.lang.LazySeq.seq (LazySeq.java:49)
    clojure.lang.RT.seq (RT.java:507)
    clojure.core/seq (core.clj:137)
    clojure.core.protocols$seq_reduce.invoke (protocols.clj:30)
    clojure.core.protocols/fn (protocols.clj:101)
    clojure.core.protocols$fn__6452$G__6447__6465.invoke (protocols.clj:13)
    clojure.core$reduce.invoke (core.clj:6519)
    cljs.js_deps$build_index.invoke (js_deps.cljc:128)
    cljs.js_deps$dependency_order.invoke (js_deps.cljc:168)
    cljs.compiler$compile_root.invoke (compiler.cljc:1373)
    cljs.closure$compile_dir.invoke (closure.clj:438)
    cljs.closure$eval3582$fn__3583.invoke (closure.clj:478)
    cljs.closure$eval3534$fn__3535$G__3525__3542.invoke (closure.clj:383)
    cljs.closure$eval3595$fn__3596.invoke (closure.clj:492)
    cljs.closure$eval3534$fn__3535$G__3525__3542.invoke (closure.clj:383)
    clojurescript_build.core.CompilableSourcePaths/fn (core.clj:20)
    clojure.lang.PersistentVector.reduce (PersistentVector.java:333)
    clojure.core$reduce.invoke (core.clj:6518)
    clojurescript_build.core.CompilableSourcePaths._compile (core.clj:19)
[0mCompiling "resources/public/js/app.js" from ["src/cljs" "env/dev/cljs"]...
[31mCompiling "resources/public/js/app.js" failed.[0m
java.lang.AssertionError: No ns form found in src/cljs/ackiban/views.cljs
 at cljs.analyzer$parse_ns$fn__2113.invoke (analyzer.cljc:2721)
    cljs.analyzer$parse_ns.invoke (analyzer.cljc:2675)
    cljs.analyzer$parse_ns.invoke (analyzer.cljc:2666)
    cljs.compiler$compile_root$fn__3162.invoke (compiler.cljc:1374)
    clojure.core$map$fn__4553.invoke (core.clj:2624)
    clojure.lang.LazySeq.sval (LazySeq.java:40)
    clojure.lang.LazySeq.seq (LazySeq.java:49)
    clojure.lang.RT.seq (RT.java:507)
    clojure.core/seq (core.clj:137)
    clojure.core$map$fn__4553.invoke (core.clj:2616)
    clojure.lang.LazySeq.sval (LazySeq.java:40)
    clojure.lang.LazySeq.seq (LazySeq.java:49)
    clojure.lang.RT.seq (RT.java:507)
    clojure.core/seq (core.clj:137)
    clojure.core.protocols$seq_reduce.invoke (protocols.clj:30)
    clojure.core.protocols/fn (protocols.clj:101)
    clojure.core.protocols$fn__6452$G__6447__6465.invoke (protocols.clj:13)
    clojure.core$reduce.invoke (core.clj:6519)
    cljs.js_deps$build_index.invoke (js_deps.cljc:128)
    cljs.js_deps$dependency_order.invoke (js_deps.cljc:168)
    cljs.compiler$compile_root.invoke (compiler.cljc:1373)
    cljs.closure$compile_dir.invoke (closure.clj:438)
    cljs.closure$eval3582$fn__3583.invoke (closure.clj:478)
    cljs.closure$eval3534$fn__3535$G__3525__3542.invoke (closure.clj:383)
    cljs.closure$eval3595$fn__3596.invoke (closure.clj:492)
    cljs.closure$eval3534$fn__3535$G__3525__3542.invoke (closure.clj:383)
    clojurescript_build.core.CompilableSourcePaths/fn (core.clj:20)
    clojure.lang.PersistentVector.reduce (PersistentVector.java:333)
    clojure.core$reduce.invoke (core.clj:6518)
    clojurescript_build.core.CompilableSourcePaths._compile (core.clj:19)
[0mCompiling "resources/public/js/app.js" from ["src/cljs" "env/dev/cljs"]...
[31mCompiling "resources/public/js/app.js" failed.[0m
java.lang.AssertionError: No ns form found in src/cljs/ackiban/views.cljs
 at cljs.analyzer$parse_ns$fn__2113.invoke (analyzer.cljc:2721)
    cljs.analyzer$parse_ns.invoke (analyzer.cljc:2675)
    cljs.analyzer$parse_ns.invoke (analyzer.cljc:2666)
    cljs.compiler$compile_root$fn__3162.invoke (compiler.cljc:1374)
    clojure.core$map$fn__4553.invoke (core.clj:2624)
    clojure.lang.LazySeq.sval (LazySeq.java:40)
    clojure.lang.LazySeq.seq (LazySeq.java:49)
    clojure.lang.RT.seq (RT.java:507)
    clojure.core/seq (core.clj:137)
    clojure.core$map$fn__4553.invoke (core.clj:2616)
    clojure.lang.LazySeq.sval (LazySeq.java:40)
    clojure.lang.LazySeq.seq (LazySeq.java:49)
    clojure.lang.RT.seq (RT.java:507)
    clojure.core/seq (core.clj:137)
    clojure.core.protocols$seq_reduce.invoke (protocols.clj:30)
    clojure.core.protocols/fn (protocols.clj:101)
    clojure.core.protocols$fn__6452$G__6447__6465.invoke (protocols.clj:13)
    clojure.core$reduce.invoke (core.clj:6519)
    cljs.js_deps$build_index.invoke (js_deps.cljc:128)
    cljs.js_deps$dependency_order.invoke (js_deps.cljc:168)
    cljs.compiler$compile_root.invoke (compiler.cljc:1373)
    cljs.closure$compile_dir.invoke (closure.clj:438)
    cljs.closure$eval3582$fn__3583.invoke (closure.clj:478)
    cljs.closure$eval3534$fn__3535$G__3525__3542.invoke (closure.clj:383)
    cljs.closure$eval3595$fn__3596.invoke (closure.clj:492)
    cljs.closure$eval3534$fn__3535$G__3525__3542.invoke (closure.clj:383)
    clojurescript_build.core.CompilableSourcePaths/fn (core.clj:20)
    clojure.lang.PersistentVector.reduce (PersistentVector.java:333)
    clojure.core$reduce.invoke (core.clj:6518)
    clojurescript_build.core.CompilableSourcePaths._compile (core.clj:19)
[0mCompiling "resources/public/js/app.js" from ["src/cljs" "env/dev/cljs"]...
[31mCompiling "resources/public/js/app.js" failed.[0m
java.lang.AssertionError: No ns form found in src/cljs/ackiban/views.cljs
 at cljs.analyzer$parse_ns$fn__2113.invoke (analyzer.cljc:2721)
    cljs.analyzer$parse_ns.invoke (analyzer.cljc:2675)
    cljs.analyzer$parse_ns.invoke (analyzer.cljc:2666)
    cljs.compiler$compile_root$fn__3162.invoke (compiler.cljc:1374)
    clojure.core$map$fn__4553.invoke (core.clj:2624)
    clojure.lang.LazySeq.sval (LazySeq.java:40)
    clojure.lang.LazySeq.seq (LazySeq.java:49)
    clojure.lang.RT.seq (RT.java:507)
    clojure.core/seq (core.clj:137)
    clojure.core$map$fn__4553.invoke (core.clj:2616)
    clojure.lang.LazySeq.sval (LazySeq.java:40)
    clojure.lang.LazySeq.seq (LazySeq.java:49)
    clojure.lang.RT.seq (RT.java:507)
    clojure.core/seq (core.clj:137)
    clojure.core.protocols$seq_reduce.invoke (protocols.clj:30)
    clojure.core.protocols/fn (protocols.clj:101)
    clojure.core.protocols$fn__6452$G__6447__6465.invoke (protocols.clj:13)
    clojure.core$reduce.invoke (core.clj:6519)
    cljs.js_deps$build_index.invoke (js_deps.cljc:128)
    cljs.js_deps$dependency_order.invoke (js_deps.cljc:168)
    cljs.compiler$compile_root.invoke (compiler.cljc:1373)
    cljs.closure$compile_dir.invoke (closure.clj:438)
    cljs.closure$eval3582$fn__3583.invoke (closure.clj:478)
    cljs.closure$eval3534$fn__3535$G__3525__3542.invoke (closure.clj:383)
    cljs.closure$eval3595$fn__3596.invoke (closure.clj:492)
    cljs.closure$eval3534$fn__3535$G__3525__3542.invoke (closure.clj:383)
    clojurescript_build.core.CompilableSourcePaths/fn (core.clj:20)
    clojure.lang.PersistentVector.reduce (PersistentVector.java:333)
    clojure.core$reduce.invoke (core.clj:6518)
    clojurescript_build.core.CompilableSourcePaths._compile (core.clj:19)
[0mCompiling "resources/public/js/app.js" from ["src/cljs" "env/dev/cljs"]...
[31mCompiling "resources/public/js/app.js" failed.[0m
java.lang.AssertionError: No ns form found in src/cljs/ackiban/views.cljs
 at cljs.analyzer$parse_ns$fn__2113.invoke (analyzer.cljc:2721)
    cljs.analyzer$parse_ns.invoke (analyzer.cljc:2675)
    cljs.analyzer$parse_ns.invoke (analyzer.cljc:2666)
    cljs.compiler$compile_root$fn__3162.invoke (compiler.cljc:1374)
    clojure.core$map$fn__4553.invoke (core.clj:2624)
    clojure.lang.LazySeq.sval (LazySeq.java:40)
    clojure.lang.LazySeq.seq (LazySeq.java:49)
    clojure.lang.RT.seq (RT.java:507)
    clojure.core/seq (core.clj:137)
    clojure.core$map$fn__4553.invoke (core.clj:2616)
    clojure.lang.LazySeq.sval (LazySeq.java:40)
    clojure.lang.LazySeq.seq (LazySeq.java:49)
    clojure.lang.RT.seq (RT.java:507)
    clojure.core/seq (core.clj:137)
    clojure.core.protocols$seq_reduce.invoke (protocols.clj:30)
    clojure.core.protocols/fn (protocols.clj:101)
    clojure.core.protocols$fn__6452$G__6447__6465.invoke (protocols.clj:13)
    clojure.core$reduce.invoke (core.clj:6519)
    cljs.js_deps$build_index.invoke (js_deps.cljc:128)
    cljs.js_deps$dependency_order.invoke (js_deps.cljc:168)
    cljs.compiler$compile_root.invoke (compiler.cljc:1373)
    cljs.closure$compile_dir.invoke (closure.clj:438)
    cljs.closure$eval3582$fn__3583.invoke (closure.clj:478)
    cljs.closure$eval3534$fn__3535$G__3525__3542.invoke (closure.clj:383)
    cljs.closure$eval3595$fn__3596.invoke (closure.clj:492)
    cljs.closure$eval3534$fn__3535$G__3525__3542.invoke (closure.clj:383)
    clojurescript_build.core.CompilableSourcePaths/fn (core.clj:20)
    clojure.lang.PersistentVector.reduce (PersistentVector.java:333)
    clojure.core$reduce.invoke (core.clj:6518)
    clojurescript_build.core.CompilableSourcePaths._compile (core.clj:19)
[0mCompiling "resources/public/js/app.js" from ["src/cljs" "env/dev/cljs"]...
[31mCompiling "resources/public/js/app.js" failed.[0m
java.lang.AssertionError: No ns form found in src/cljs/ackiban/views.cljs
 at cljs.analyzer$parse_ns$fn__2113.invoke (analyzer.cljc:2721)
    cljs.analyzer$parse_ns.invoke (analyzer.cljc:2675)
    cljs.analyzer$parse_ns.invoke (analyzer.cljc:2666)
    cljs.compiler$compile_root$fn__3162.invoke (compiler.cljc:1374)
    clojure.core$map$fn__4553.invoke (core.clj:2624)
    clojure.lang.LazySeq.sval (LazySeq.java:40)
    clojure.lang.LazySeq.seq (LazySeq.java:49)
    clojure.lang.RT.seq (RT.java:507)
    clojure.core/seq (core.clj:137)
    clojure.core$map$fn__4553.invoke (core.clj:2616)
    clojure.lang.LazySeq.sval (LazySeq.java:40)
    clojure.lang.LazySeq.seq (LazySeq.java:49)
    clojure.lang.RT.seq (RT.java:507)
    clojure.core/seq (core.clj:137)
    clojure.core.protocols$seq_reduce.invoke (protocols.clj:30)
    clojure.core.protocols/fn (protocols.clj:101)
    clojure.core.protocols$fn__6452$G__6447__6465.invoke (protocols.clj:13)
    clojure.core$reduce.invoke (core.clj:6519)
    cljs.js_deps$build_index.invoke (js_deps.cljc:128)
    cljs.js_deps$dependency_order.invoke (js_deps.cljc:168)
    cljs.compiler$compile_root.invoke (compiler.cljc:1373)
    cljs.closure$compile_dir.invoke (closure.clj:438)
    cljs.closure$eval3582$fn__3583.invoke (closure.clj:478)
    cljs.closure$eval3534$fn__3535$G__3525__3542.invoke (closure.clj:383)
    cljs.closure$eval3595$fn__3596.invoke (closure.clj:492)
    cljs.closure$eval3534$fn__3535$G__3525__3542.invoke (closure.clj:383)
    clojurescript_build.core.CompilableSourcePaths/fn (core.clj:20)
    clojure.lang.PersistentVector.reduce (PersistentVector.java:333)
    clojure.core$reduce.invoke (core.clj:6518)
    clojurescript_build.core.CompilableSourcePaths._compile (core.clj:19)
[0mCompiling "resources/public/js/app.js" from ["src/cljs" "env/dev/cljs"]...
[31mCompiling "resources/public/js/app.js" failed.[0m
java.lang.AssertionError: No ns form found in src/cljs/ackiban/views.cljs
 at cljs.analyzer$parse_ns$fn__2113.invoke (analyzer.cljc:2721)
    cljs.analyzer$parse_ns.invoke (analyzer.cljc:2675)
    cljs.analyzer$parse_ns.invoke (analyzer.cljc:2666)
    cljs.compiler$compile_root$fn__3162.invoke (compiler.cljc:1374)
    clojure.core$map$fn__4553.invoke (core.clj:2624)
    clojure.lang.LazySeq.sval (LazySeq.java:40)
    clojure.lang.LazySeq.seq (LazySeq.java:49)
    clojure.lang.RT.seq (RT.java:507)
    clojure.core/seq (core.clj:137)
    clojure.core$map$fn__4553.invoke (core.clj:2616)
    clojure.lang.LazySeq.sval (LazySeq.java:40)
    clojure.lang.LazySeq.seq (LazySeq.java:49)
    clojure.lang.RT.seq (RT.java:507)
    clojure.core/seq (core.clj:137)
    clojure.core.protocols$seq_reduce.invoke (protocols.clj:30)
    clojure.core.protocols/fn (protocols.clj:101)
    clojure.core.protocols$fn__6452$G__6447__6465.invoke (protocols.clj:13)
    clojure.core$reduce.invoke (core.clj:6519)
    cljs.js_deps$build_index.invoke (js_deps.cljc:128)
    cljs.js_deps$dependency_order.invoke (js_deps.cljc:168)
    cljs.compiler$compile_root.invoke (compiler.cljc:1373)
    cljs.closure$compile_dir.invoke (closure.clj:438)
    cljs.closure$eval3582$fn__3583.invoke (closure.clj:478)
    cljs.closure$eval3534$fn__3535$G__3525__3542.invoke (closure.clj:383)
    cljs.closure$eval3595$fn__3596.invoke (closure.clj:492)
    cljs.closure$eval3534$fn__3535$G__3525__3542.invoke (closure.clj:383)
    clojurescript_build.core.CompilableSourcePaths/fn (core.clj:20)
    clojure.lang.PersistentVector.reduce (PersistentVector.java:333)
    clojure.core$reduce.invoke (core.clj:6518)
    clojurescript_build.core.CompilableSourcePaths._compile (core.clj:19)
[0mCompiling "resources/public/js/app.js" from ["src/cljs" "env/dev/cljs"]...
[31mCompiling "resources/public/js/app.js" failed.[0m
java.lang.AssertionError: No ns form found in src/cljs/ackiban/views.cljs
 at cljs.analyzer$parse_ns$fn__2113.invoke (analyzer.cljc:2721)
    cljs.analyzer$parse_ns.invoke (analyzer.cljc:2675)
    cljs.analyzer$parse_ns.invoke (analyzer.cljc:2666)
    cljs.compiler$compile_root$fn__3162.invoke (compiler.cljc:1374)
    clojure.core$map$fn__4553.invoke (core.clj:2624)
    clojure.lang.LazySeq.sval (LazySeq.java:40)
    clojure.lang.LazySeq.seq (LazySeq.java:49)
    clojure.lang.RT.seq (RT.java:507)
    clojure.core/seq (core.clj:137)
    clojure.core$map$fn__4553.invoke (core.clj:2616)
    clojure.lang.LazySeq.sval (LazySeq.java:40)
    clojure.lang.LazySeq.seq (LazySeq.java:49)
    clojure.lang.RT.seq (RT.java:507)
    clojure.core/seq (core.clj:137)
    clojure.core.protocols$seq_reduce.invoke (protocols.clj:30)
    clojure.core.protocols/fn (protocols.clj:101)
    clojure.core.protocols$fn__6452$G__6447__6465.invoke (protocols.clj:13)
    clojure.core$reduce.invoke (core.clj:6519)
    cljs.js_deps$build_index.invoke (js_deps.cljc:128)
    cljs.js_deps$dependency_order.invoke (js_deps.cljc:168)
    cljs.compiler$compile_root.invoke (compiler.cljc:1373)
    cljs.closure$compile_dir.invoke (closure.clj:438)
    cljs.closure$eval3582$fn__3583.invoke (closure.clj:478)
    cljs.closure$eval3534$fn__3535$G__3525__3542.invoke (closure.clj:383)
    cljs.closure$eval3595$fn__3596.invoke (closure.clj:492)
    cljs.closure$eval3534$fn__3535$G__3525__3542.invoke (closure.clj:383)
    clojurescript_build.core.CompilableSourcePaths/fn (core.clj:20)
    clojure.lang.PersistentVector.reduce (PersistentVector.java:333)
    clojure.core$reduce.invoke (core.clj:6518)
    clojurescript_build.core.CompilableSourcePaths._compile (core.clj:19)
[0mCompiling "resources/public/js/app.js" from ["src/cljs" "env/dev/cljs"]...
[31mCompiling "resources/public/js/app.js" failed.[0m
java.lang.AssertionError: No ns form found in src/cljs/ackiban/views.cljs
 at cljs.analyzer$parse_ns$fn__2113.invoke (analyzer.cljc:2721)
    cljs.analyzer$parse_ns.invoke (analyzer.cljc:2675)
    cljs.analyzer$parse_ns.invoke (analyzer.cljc:2666)
    cljs.compiler$compile_root$fn__3162.invoke (compiler.cljc:1374)
    clojure.core$map$fn__4553.invoke (core.clj:2624)
    clojure.lang.LazySeq.sval (LazySeq.java:40)
    clojure.lang.LazySeq.seq (LazySeq.java:49)
    clojure.lang.RT.seq (RT.java:507)
    clojure.core/seq (core.clj:137)
    clojure.core$map$fn__4553.invoke (core.clj:2616)
    clojure.lang.LazySeq.sval (LazySeq.java:40)
    clojure.lang.LazySeq.seq (LazySeq.java:49)
    clojure.lang.RT.seq (RT.java:507)
    clojure.core/seq (core.clj:137)
    clojure.core.protocols$seq_reduce.invoke (protocols.clj:30)
    clojure.core.protocols/fn (protocols.clj:101)
    clojure.core.protocols$fn__6452$G__6447__6465.invoke (protocols.clj:13)
    clojure.core$reduce.invoke (core.clj:6519)
    cljs.js_deps$build_index.invoke (js_deps.cljc:128)
    cljs.js_deps$dependency_order.invoke (js_deps.cljc:168)
    cljs.compiler$compile_root.invoke (compiler.cljc:1373)
    cljs.closure$compile_dir.invoke (closure.clj:438)
    cljs.closure$eval3582$fn__3583.invoke (closure.clj:478)
    cljs.closure$eval3534$fn__3535$G__3525__3542.invoke (closure.clj:383)
    cljs.closure$eval3595$fn__3596.invoke (closure.clj:492)
    cljs.closure$eval3534$fn__3535$G__3525__3542.invoke (closure.clj:383)
    clojurescript_build.core.CompilableSourcePaths/fn (core.clj:20)
    clojure.lang.PersistentVector.reduce (PersistentVector.java:333)
    clojure.core$reduce.invoke (core.clj:6518)
    clojurescript_build.core.CompilableSourcePaths._compile (core.clj:19)
[0mCompiling "resources/public/js/app.js" from ["src/cljs" "env/dev/cljs"]...
[31mCompiling "resources/public/js/app.js" failed.[0m
java.lang.AssertionError: No ns form found in src/cljs/ackiban/views.cljs
 at cljs.analyzer$parse_ns$fn__2113.invoke (analyzer.cljc:2721)
    cljs.analyzer$parse_ns.invoke (analyzer.cljc:2675)
    cljs.analyzer$parse_ns.invoke (analyzer.cljc:2666)
    cljs.compiler$compile_root$fn__3162.invoke (compiler.cljc:1374)
    clojure.core$map$fn__4553.invoke (core.clj:2624)
    clojure.lang.LazySeq.sval (LazySeq.java:40)
    clojure.lang.LazySeq.seq (LazySeq.java:49)
    clojure.lang.RT.seq (RT.java:507)
    clojure.core/seq (core.clj:137)
    clojure.core$map$fn__4553.invoke (core.clj:2616)
    clojure.lang.LazySeq.sval (LazySeq.java:40)
    clojure.lang.LazySeq.seq (LazySeq.java:49)
    clojure.lang.RT.seq (RT.java:507)
    clojure.core/seq (core.clj:137)
    clojure.core.protocols$seq_reduce.invoke (protocols.clj:30)
    clojure.core.protocols/fn (protocols.clj:101)
    clojure.core.protocols$fn__6452$G__6447__6465.invoke (protocols.clj:13)
    clojure.core$reduce.invoke (core.clj:6519)
    cljs.js_deps$build_index.invoke (js_deps.cljc:128)
    cljs.js_deps$dependency_order.invoke (js_deps.cljc:168)
    cljs.compiler$compile_root.invoke (compiler.cljc:1373)
    cljs.closure$compile_dir.invoke (closure.clj:438)
    cljs.closure$eval3582$fn__3583.invoke (closure.clj:478)
    cljs.closure$eval3534$fn__3535$G__3525__3542.invoke (closure.clj:383)
    cljs.closure$eval3595$fn__3596.invoke (closure.clj:492)
    cljs.closure$eval3534$fn__3535$G__3525__3542.invoke (closure.clj:383)
    clojurescript_build.core.CompilableSourcePaths/fn (core.clj:20)
    clojure.lang.PersistentVector.reduce (PersistentVector.java:333)
    clojure.core$reduce.invoke (core.clj:6518)
    clojurescript_build.core.CompilableSourcePaths._compile (core.clj:19)
[0mCompiling "resources/public/js/app.js" from ["src/cljs" "env/dev/cljs"]...
[31mCompiling "resources/public/js/app.js" failed.[0m
java.lang.AssertionError: No ns form found in src/cljs/ackiban/views.cljs
 at cljs.analyzer$parse_ns$fn__2113.invoke (analyzer.cljc:2721)
    cljs.analyzer$parse_ns.invoke (analyzer.cljc:2675)
    cljs.analyzer$parse_ns.invoke (analyzer.cljc:2666)
    cljs.compiler$compile_root$fn__3162.invoke (compiler.cljc:1374)
    clojure.core$map$fn__4553.invoke (core.clj:2624)
    clojure.lang.LazySeq.sval (LazySeq.java:40)
    clojure.lang.LazySeq.seq (LazySeq.java:49)
    clojure.lang.RT.seq (RT.java:507)
    clojure.core/seq (core.clj:137)
    clojure.core$map$fn__4553.invoke (core.clj:2616)
    clojure.lang.LazySeq.sval (LazySeq.java:40)
    clojure.lang.LazySeq.seq (LazySeq.java:49)
    clojure.lang.RT.seq (RT.java:507)
    clojure.core/seq (core.clj:137)
    clojure.core.protocols$seq_reduce.invoke (protocols.clj:30)
    clojure.core.protocols/fn (protocols.clj:101)
    clojure.core.protocols$fn__6452$G__6447__6465.invoke (protocols.clj:13)
    clojure.core$reduce.invoke (core.clj:6519)
    cljs.js_deps$build_index.invoke (js_deps.cljc:128)
    cljs.js_deps$dependency_order.invoke (js_deps.cljc:168)
    cljs.compiler$compile_root.invoke (compiler.cljc:1373)
    cljs.closure$compile_dir.invoke (closure.clj:438)
    cljs.closure$eval3582$fn__3583.invoke (closure.clj:478)
    cljs.closure$eval3534$fn__3535$G__3525__3542.invoke (closure.clj:383)
    cljs.closure$eval3595$fn__3596.invoke (closure.clj:492)
    cljs.closure$eval3534$fn__3535$G__3525__3542.invoke (closure.clj:383)
    clojurescript_build.core.CompilableSourcePaths/fn (core.clj:20)
    clojure.lang.PersistentVector.reduce (PersistentVector.java:333)
    clojure.core$reduce.invoke (core.clj:6518)
    clojurescript_build.core.CompilableSourcePaths._compile (core.clj:19)
[0mCompiling "resources/public/js/app.js" from ["src/cljs" "env/dev/cljs"]...
[31mCompiling "resources/public/js/app.js" failed.[0m
java.lang.AssertionError: No ns form found in src/cljs/ackiban/views.cljs
 at cljs.analyzer$parse_ns$fn__2113.invoke (analyzer.cljc:2721)
    cljs.analyzer$parse_ns.invoke (analyzer.cljc:2675)
    cljs.analyzer$parse_ns.invoke (analyzer.cljc:2666)
    cljs.compiler$compile_root$fn__3162.invoke (compiler.cljc:1374)
    clojure.core$map$fn__4553.invoke (core.clj:2624)
    clojure.lang.LazySeq.sval (LazySeq.java:40)
    clojure.lang.LazySeq.seq (LazySeq.java:49)
    clojure.lang.RT.seq (RT.java:507)
    clojure.core/seq (core.clj:137)
    clojure.core$map$fn__4553.invoke (core.clj:2616)
    clojure.lang.LazySeq.sval (LazySeq.java:40)
    clojure.lang.LazySeq.seq (LazySeq.java:49)
    clojure.lang.RT.seq (RT.java:507)
    clojure.core/seq (core.clj:137)
    clojure.core.protocols$seq_reduce.invoke (protocols.clj:30)
    clojure.core.protocols/fn (protocols.clj:101)
    clojure.core.protocols$fn__6452$G__6447__6465.invoke (protocols.clj:13)
    clojure.core$reduce.invoke (core.clj:6519)
    cljs.js_deps$build_index.invoke (js_deps.cljc:128)
    cljs.js_deps$dependency_order.invoke (js_deps.cljc:168)
    cljs.compiler$compile_root.invoke (compiler.cljc:1373)
    cljs.closure$compile_dir.invoke (closure.clj:438)
    cljs.closure$eval3582$fn__3583.invoke (closure.clj:478)
    cljs.closure$eval3534$fn__3535$G__3525__3542.invoke (closure.clj:383)
    cljs.closure$eval3595$fn__3596.invoke (closure.clj:492)
    cljs.closure$eval3534$fn__3535$G__3525__3542.invoke (closure.clj:383)
    clojurescript_build.core.CompilableSourcePaths/fn (core.clj:20)
    clojure.lang.PersistentVector.reduce (PersistentVector.java:333)
    clojure.core$reduce.invoke (core.clj:6518)
    clojurescript_build.core.CompilableSourcePaths._compile (core.clj:19)
[0mCompiling "resources/public/js/app.js" from ["src/cljs" "env/dev/cljs"]...
[31mCompiling "resources/public/js/app.js" failed.[0m
java.lang.AssertionError: No ns form found in src/cljs/ackiban/views.cljs
 at cljs.analyzer$parse_ns$fn__2113.invoke (analyzer.cljc:2721)
    cljs.analyzer$parse_ns.invoke (analyzer.cljc:2675)
    cljs.analyzer$parse_ns.invoke (analyzer.cljc:2666)
    cljs.compiler$compile_root$fn__3162.invoke (compiler.cljc:1374)
    clojure.core$map$fn__4553.invoke (core.clj:2624)
    clojure.lang.LazySeq.sval (LazySeq.java:40)
    clojure.lang.LazySeq.seq (LazySeq.java:49)
    clojure.lang.RT.seq (RT.java:507)
    clojure.core/seq (core.clj:137)
    clojure.core$map$fn__4553.invoke (core.clj:2616)
    clojure.lang.LazySeq.sval (LazySeq.java:40)
    clojure.lang.LazySeq.seq (LazySeq.java:49)
    clojure.lang.RT.seq (RT.java:507)
    clojure.core/seq (core.clj:137)
    clojure.core.protocols$seq_reduce.invoke (protocols.clj:30)
    clojure.core.protocols/fn (protocols.clj:101)
    clojure.core.protocols$fn__6452$G__6447__6465.invoke (protocols.clj:13)
    clojure.core$reduce.invoke (core.clj:6519)
    cljs.js_deps$build_index.invoke (js_deps.cljc:128)
    cljs.js_deps$dependency_order.invoke (js_deps.cljc:168)
    cljs.compiler$compile_root.invoke (compiler.cljc:1373)
    cljs.closure$compile_dir.invoke (closure.clj:438)
    cljs.closure$eval3582$fn__3583.invoke (closure.clj:478)
    cljs.closure$eval3534$fn__3535$G__3525__3542.invoke (closure.clj:383)
    cljs.closure$eval3595$fn__3596.invoke (closure.clj:492)
    cljs.closure$eval3534$fn__3535$G__3525__3542.invoke (closure.clj:383)
    clojurescript_build.core.CompilableSourcePaths/fn (core.clj:20)
    clojure.lang.PersistentVector.reduce (PersistentVector.java:333)
    clojure.core$reduce.invoke (core.clj:6518)
    clojurescript_build.core.CompilableSourcePaths._compile (core.clj:19)
[0mCompiling "resources/public/js/app.js" from ["src/cljs" "env/dev/cljs"]...
[31mCompiling "resources/public/js/app.js" failed.[0m
java.lang.AssertionError: No ns form found in src/cljs/ackiban/views.cljs
 at cljs.analyzer$parse_ns$fn__2113.invoke (analyzer.cljc:2721)
    cljs.analyzer$parse_ns.invoke (analyzer.cljc:2675)
    cljs.analyzer$parse_ns.invoke (analyzer.cljc:2666)
    cljs.compiler$compile_root$fn__3162.invoke (compiler.cljc:1374)
    clojure.core$map$fn__4553.invoke (core.clj:2624)
    clojure.lang.LazySeq.sval (LazySeq.java:40)
    clojure.lang.LazySeq.seq (LazySeq.java:49)
    clojure.lang.RT.seq (RT.java:507)
    clojure.core/seq (core.clj:137)
    clojure.core$map$fn__4553.invoke (core.clj:2616)
    clojure.lang.LazySeq.sval (LazySeq.java:40)
    clojure.lang.LazySeq.seq (LazySeq.java:49)
    clojure.lang.RT.seq (RT.java:507)
    clojure.core/seq (core.clj:137)
    clojure.core.protocols$seq_reduce.invoke (protocols.clj:30)
    clojure.core.protocols/fn (protocols.clj:101)
    clojure.core.protocols$fn__6452$G__6447__6465.invoke (protocols.clj:13)
    clojure.core$reduce.invoke (core.clj:6519)
    cljs.js_deps$build_index.invoke (js_deps.cljc:128)
    cljs.js_deps$dependency_order.invoke (js_deps.cljc:168)
    cljs.compiler$compile_root.invoke (compiler.cljc:1373)
    cljs.closure$compile_dir.invoke (closure.clj:438)
    cljs.closure$eval3582$fn__3583.invoke (closure.clj:478)
    cljs.closure$eval3534$fn__3535$G__3525__3542.invoke (closure.clj:383)
    cljs.closure$eval3595$fn__3596.invoke (closure.clj:492)
    cljs.closure$eval3534$fn__3535$G__3525__3542.invoke (closure.clj:383)
    clojurescript_build.core.CompilableSourcePaths/fn (core.clj:20)
    clojure.lang.PersistentVector.reduce (PersistentVector.java:333)
    clojure.core$reduce.invoke (core.clj:6518)
    clojurescript_build.core.CompilableSourcePaths._compile (core.clj:19)
[0mCompiling "resources/public/js/app.js" from ["src/cljs" "env/dev/cljs"]...
[31mCompiling "resources/public/js/app.js" failed.[0m
java.lang.AssertionError: No ns form found in src/cljs/ackiban/views.cljs
 at cljs.analyzer$parse_ns$fn__2113.invoke (analyzer.cljc:2721)
    cljs.analyzer$parse_ns.invoke (analyzer.cljc:2675)
    cljs.analyzer$parse_ns.invoke (analyzer.cljc:2666)
    cljs.compiler$compile_root$fn__3162.invoke (compiler.cljc:1374)
    clojure.core$map$fn__4553.invoke (core.clj:2624)
    clojure.lang.LazySeq.sval (LazySeq.java:40)
    clojure.lang.LazySeq.seq (LazySeq.java:49)
    clojure.lang.RT.seq (RT.java:507)
    clojure.core/seq (core.clj:137)
    clojure.core$map$fn__4553.invoke (core.clj:2616)
    clojure.lang.LazySeq.sval (LazySeq.java:40)
    clojure.lang.LazySeq.seq (LazySeq.java:49)
    clojure.lang.RT.seq (RT.java:507)
    clojure.core/seq (core.clj:137)
    clojure.core.protocols$seq_reduce.invoke (protocols.clj:30)
    clojure.core.protocols/fn (protocols.clj:101)
    clojure.core.protocols$fn__6452$G__6447__6465.invoke (protocols.clj:13)
    clojure.core$reduce.invoke (core.clj:6519)
    cljs.js_deps$build_index.invoke (js_deps.cljc:128)
    cljs.js_deps$dependency_order.invoke (js_deps.cljc:168)
    cljs.compiler$compile_root.invoke (compiler.cljc:1373)
    cljs.closure$compile_dir.invoke (closure.clj:438)
    cljs.closure$eval3582$fn__3583.invoke (closure.clj:478)
    cljs.closure$eval3534$fn__3535$G__3525__3542.invoke (closure.clj:383)
    cljs.closure$eval3595$fn__3596.invoke (closure.clj:492)
    cljs.closure$eval3534$fn__3535$G__3525__3542.invoke (closure.clj:383)
    clojurescript_build.core.CompilableSourcePaths/fn (core.clj:20)
    clojure.lang.PersistentVector.reduce (PersistentVector.java:333)
    clojure.core$reduce.invoke (core.clj:6518)
    clojurescript_build.core.CompilableSourcePaths._compile (core.clj:19)
[0mCompiling "resources/public/js/app.js" from ["src/cljs" "env/dev/cljs"]...
[31mCompiling "resources/public/js/app.js" failed.[0m
java.lang.AssertionError: No ns form found in src/cljs/ackiban/views.cljs
 at cljs.analyzer$parse_ns$fn__2113.invoke (analyzer.cljc:2721)
    cljs.analyzer$parse_ns.invoke (analyzer.cljc:2675)
    cljs.analyzer$parse_ns.invoke (analyzer.cljc:2666)
    cljs.compiler$compile_root$fn__3162.invoke (compiler.cljc:1374)
    clojure.core$map$fn__4553.invoke (core.clj:2624)
    clojure.lang.LazySeq.sval (LazySeq.java:40)
    clojure.lang.LazySeq.seq (LazySeq.java:49)
    clojure.lang.RT.seq (RT.java:507)
    clojure.core/seq (core.clj:137)
    clojure.core$map$fn__4553.invoke (core.clj:2616)
    clojure.lang.LazySeq.sval (LazySeq.java:40)
    clojure.lang.LazySeq.seq (LazySeq.java:49)
    clojure.lang.RT.seq (RT.java:507)
    clojure.core/seq (core.clj:137)
    clojure.core.protocols$seq_reduce.invoke (protocols.clj:30)
    clojure.core.protocols/fn (protocols.clj:101)
    clojure.core.protocols$fn__6452$G__6447__6465.invoke (protocols.clj:13)
    clojure.core$reduce.invoke (core.clj:6519)
    cljs.js_deps$build_index.invoke (js_deps.cljc:128)
    cljs.js_deps$dependency_order.invoke (js_deps.cljc:168)
    cljs.compiler$compile_root.invoke (compiler.cljc:1373)
    cljs.closure$compile_dir.invoke (closure.clj:438)
    cljs.closure$eval3582$fn__3583.invoke (closure.clj:478)
    cljs.closure$eval3534$fn__3535$G__3525__3542.invoke (closure.clj:383)
    cljs.closure$eval3595$fn__3596.invoke (closure.clj:492)
    cljs.closure$eval3534$fn__3535$G__3525__3542.invoke (closure.clj:383)
    clojurescript_build.core.CompilableSourcePaths/fn (core.clj:20)
    clojure.lang.PersistentVector.reduce (PersistentVector.java:333)
    clojure.core$reduce.invoke (core.clj:6518)
    clojurescript_build.core.CompilableSourcePaths._compile (core.clj:19)
[0mCompiling "resources/public/js/app.js" from ["src/cljs" "env/dev/cljs"]...
[31mCompiling "resources/public/js/app.js" failed.[0m
java.lang.AssertionError: No ns form found in src/cljs/ackiban/views.cljs
 at cljs.analyzer$parse_ns$fn__2113.invoke (analyzer.cljc:2721)
    cljs.analyzer$parse_ns.invoke (analyzer.cljc:2675)
    cljs.analyzer$parse_ns.invoke (analyzer.cljc:2666)
    cljs.compiler$compile_root$fn__3162.invoke (compiler.cljc:1374)
    clojure.core$map$fn__4553.invoke (core.clj:2624)
    clojure.lang.LazySeq.sval (LazySeq.java:40)
    clojure.lang.LazySeq.seq (LazySeq.java:49)
    clojure.lang.RT.seq (RT.java:507)
    clojure.core/seq (core.clj:137)
    clojure.core$map$fn__4553.invoke (core.clj:2616)
    clojure.lang.LazySeq.sval (LazySeq.java:40)
    clojure.lang.LazySeq.seq (LazySeq.java:49)
    clojure.lang.RT.seq (RT.java:507)
    clojure.core/seq (core.clj:137)
    clojure.core.protocols$seq_reduce.invoke (protocols.clj:30)
    clojure.core.protocols/fn (protocols.clj:101)
    clojure.core.protocols$fn__6452$G__6447__6465.invoke (protocols.clj:13)
    clojure.core$reduce.invoke (core.clj:6519)
    cljs.js_deps$build_index.invoke (js_deps.cljc:128)
    cljs.js_deps$dependency_order.invoke (js_deps.cljc:168)
    cljs.compiler$compile_root.invoke (compiler.cljc:1373)
    cljs.closure$compile_dir.invoke (closure.clj:438)
    cljs.closure$eval3582$fn__3583.invoke (closure.clj:478)
    cljs.closure$eval3534$fn__3535$G__3525__3542.invoke (closure.clj:383)
    cljs.closure$eval3595$fn__3596.invoke (closure.clj:492)
    cljs.closure$eval3534$fn__3535$G__3525__3542.invoke (closure.clj:383)
    clojurescript_build.core.CompilableSourcePaths/fn (core.clj:20)
    clojure.lang.PersistentVector.reduce (PersistentVector.java:333)
    clojure.core$reduce.invoke (core.clj:6518)
    clojurescript_build.core.CompilableSourcePaths._compile (core.clj:19)
[0mCompiling "resources/public/js/app.js" from ["src/cljs" "env/dev/cljs"]...
[31mCompiling "resources/public/js/app.js" failed.[0m
java.lang.AssertionError: No ns form found in src/cljs/ackiban/views.cljs
 at cljs.analyzer$parse_ns$fn__2113.invoke (analyzer.cljc:2721)
    cljs.analyzer$parse_ns.invoke (analyzer.cljc:2675)
    cljs.analyzer$parse_ns.invoke (analyzer.cljc:2666)
    cljs.compiler$compile_root$fn__3162.invoke (compiler.cljc:1374)
    clojure.core$map$fn__4553.invoke (core.clj:2624)
    clojure.lang.LazySeq.sval (LazySeq.java:40)
    clojure.lang.LazySeq.seq (LazySeq.java:49)
    clojure.lang.RT.seq (RT.java:507)
    clojure.core/seq (core.clj:137)
    clojure.core$map$fn__4553.invoke (core.clj:2616)
    clojure.lang.LazySeq.sval (LazySeq.java:40)
    clojure.lang.LazySeq.seq (LazySeq.java:49)
    clojure.lang.RT.seq (RT.java:507)
    clojure.core/seq (core.clj:137)
    clojure.core.protocols$seq_reduce.invoke (protocols.clj:30)
    clojure.core.protocols/fn (protocols.clj:101)
    clojure.core.protocols$fn__6452$G__6447__6465.invoke (protocols.clj:13)
    clojure.core$reduce.invoke (core.clj:6519)
    cljs.js_deps$build_index.invoke (js_deps.cljc:128)
    cljs.js_deps$dependency_order.invoke (js_deps.cljc:168)
    cljs.compiler$compile_root.invoke (compiler.cljc:1373)
    cljs.closure$compile_dir.invoke (closure.clj:438)
    cljs.closure$eval3582$fn__3583.invoke (closure.clj:478)
    cljs.closure$eval3534$fn__3535$G__3525__3542.invoke (closure.clj:383)
    cljs.closure$eval3595$fn__3596.invoke (closure.clj:492)
    cljs.closure$eval3534$fn__3535$G__3525__3542.invoke (closure.clj:383)
    clojurescript_build.core.CompilableSourcePaths/fn (core.clj:20)
    clojure.lang.PersistentVector.reduce (PersistentVector.java:333)
    clojure.core$reduce.invoke (core.clj:6518)
    clojurescript_build.core.CompilableSourcePaths._compile (core.clj:19)
[0mCompiling "resources/public/js/app.js" from ["src/cljs" "env/dev/cljs"]...
[31mCompiling "resources/public/js/app.js" failed.[0m
java.lang.AssertionError: No ns form found in src/cljs/ackiban/views.cljs
 at cljs.analyzer$parse_ns$fn__2113.invoke (analyzer.cljc:2721)
    cljs.analyzer$parse_ns.invoke (analyzer.cljc:2675)
    cljs.analyzer$parse_ns.invoke (analyzer.cljc:2666)
    cljs.compiler$compile_root$fn__3162.invoke (compiler.cljc:1374)
    clojure.core$map$fn__4553.invoke (core.clj:2624)
    clojure.lang.LazySeq.sval (LazySeq.java:40)
    clojure.lang.LazySeq.seq (LazySeq.java:49)
    clojure.lang.RT.seq (RT.java:507)
    clojure.core/seq (core.clj:137)
    clojure.core$map$fn__4553.invoke (core.clj:2616)
    clojure.lang.LazySeq.sval (LazySeq.java:40)
    clojure.lang.LazySeq.seq (LazySeq.java:49)
    clojure.lang.RT.seq (RT.java:507)
    clojure.core/seq (core.clj:137)
    clojure.core.protocols$seq_reduce.invoke (protocols.clj:30)
    clojure.core.protocols/fn (protocols.clj:101)
    clojure.core.protocols$fn__6452$G__6447__6465.invoke (protocols.clj:13)
    clojure.core$reduce.invoke (core.clj:6519)
    cljs.js_deps$build_index.invoke (js_deps.cljc:128)
    cljs.js_deps$dependency_order.invoke (js_deps.cljc:168)
    cljs.compiler$compile_root.invoke (compiler.cljc:1373)
    cljs.closure$compile_dir.invoke (closure.clj:438)
    cljs.closure$eval3582$fn__3583.invoke (closure.clj:478)
    cljs.closure$eval3534$fn__3535$G__3525__3542.invoke (closure.clj:383)
    cljs.closure$eval3595$fn__3596.invoke (closure.clj:492)
    cljs.closure$eval3534$fn__3535$G__3525__3542.invoke (closure.clj:383)
    clojurescript_build.core.CompilableSourcePaths/fn (core.clj:20)
    clojure.lang.PersistentVector.reduce (PersistentVector.java:333)
    clojure.core$reduce.invoke (core.clj:6518)
    clojurescript_build.core.CompilableSourcePaths._compile (core.clj:19)
